\BOOKMARK [1][-]{section.1}{Group Number and Name}{}
\BOOKMARK [1][-]{section.2}{Team Member Roles}{}
\BOOKMARK [1][-]{section.3}{End Goals}{}
\BOOKMARK [1][-]{section.4}{Possible Technologies}{}
\BOOKMARK [2][-]{subsection.4.1}{Kanna:}{section.4}
\BOOKMARK [3][-]{subsubsection.4.1.1}{Security:}{subsection.4.1}
\BOOKMARK [3][-]{subsubsection.4.1.2}{Login:}{subsection.4.1}
\BOOKMARK [3][-]{subsubsection.4.1.3}{UI}{subsection.4.1}
\BOOKMARK [2][-]{subsection.4.2}{James:}{section.4}
\BOOKMARK [3][-]{subsubsection.4.2.1}{Project/Tasks:}{subsection.4.2}
\BOOKMARK [3][-]{subsubsection.4.2.2}{Employee Hours}{subsection.4.2}
\BOOKMARK [3][-]{subsubsection.4.2.3}{Software Quality:}{subsection.4.2}
\BOOKMARK [2][-]{subsection.4.3}{Garrett:}{section.4}
\BOOKMARK [3][-]{subsubsection.4.3.1}{Employee records:}{subsection.4.3}
\BOOKMARK [3][-]{subsubsection.4.3.2}{Database:}{subsection.4.3}
\BOOKMARK [3][-]{subsubsection.4.3.3}{Clock In/Out:}{subsection.4.3}
\BOOKMARK [1][-]{section.5}{Decided Technologies}{}
\BOOKMARK [2][-]{subsection.5.1}{Kanna:}{section.5}
\BOOKMARK [3][-]{subsubsection.5.1.1}{Security:}{subsection.5.1}
\BOOKMARK [3][-]{subsubsection.5.1.2}{Login:}{subsection.5.1}
\BOOKMARK [3][-]{subsubsection.5.1.3}{UI:}{subsection.5.1}
\BOOKMARK [2][-]{subsection.5.2}{James:}{section.5}
\BOOKMARK [3][-]{subsubsection.5.2.1}{Projects and Tasks:}{subsection.5.2}
\BOOKMARK [3][-]{subsubsection.5.2.2}{Employee Hours:}{subsection.5.2}
\BOOKMARK [3][-]{subsubsection.5.2.3}{Software Quality:}{subsection.5.2}
\BOOKMARK [2][-]{subsection.5.3}{Garrett:}{section.5}
\BOOKMARK [3][-]{subsubsection.5.3.1}{Employee records:}{subsection.5.3}
\BOOKMARK [3][-]{subsubsection.5.3.2}{Database:}{subsection.5.3}
\BOOKMARK [3][-]{subsubsection.5.3.3}{Clock In/Out:}{subsection.5.3}
